<?xml version="1.0" encoding="utf-8" standalone="no"?>
<!--This file represents the results of running a test suite-->
<test-results name="E:\HACKER2013\APIUnifier\csharp\TestAPI\TestAPI\bin\Debug\TestAPI.dll" total="3" errors="0" failures="1" not-run="0" inconclusive="0" ignored="0" skipped="0" invalid="0" date="2013-04-27" time="22:46:05">
  <environment nunit-version="2.5.10.11092" clr-version="4.0.30319.18034" os-version="Microsoft Windows NT 6.1.7601 Service Pack 1" platform="Win32NT" cwd="C:\Program Files (x86)\Microsoft Visual Studio 10.0\Common7\IDE" machine-name="ANDREA-PC" user="Andrea" user-domain="Andrea-PC" />
  <culture-info current-culture="en-GB" current-uiculture="en-US" />
  <test-suite type="Assembly" name="E:\HACKER2013\APIUnifier\csharp\TestAPI\TestAPI\bin\Debug\TestAPI.dll" executed="True" result="Failure" success="False" time="1.312" asserts="0">
    <results>
      <test-suite type="Namespace" name="TestAPI" executed="True" result="Failure" success="False" time="1.306" asserts="0">
        <results>
          <test-suite type="TestFixture" name="APIReaderBehaviours" executed="True" result="Failure" success="False" time="1.306" asserts="0">
            <results>
              <test-case name="TestAPI.APIReaderBehaviours.should_Fetch_Data_As_JSON_When_API_URL_Is_Passed_In" executed="True" result="Success" success="True" time="0.077" asserts="1" />
              <test-case name="TestAPI.APIReaderBehaviours.should_Return_Data_As_Valid_JSON_When_API_URL_Is_Passed_In" executed="True" result="Success" success="True" time="0.800" asserts="1" />
              <test-case name="TestAPI.APIReaderBehaviours.should_Return_Exception_When_InvalidJSON" executed="True" result="Failure" success="False" time="0.414" asserts="1">
                <failure>
                  <message><![CDATA[  Expected: True
  But was:  False
]]></message>
                  <stack-trace><![CDATA[at TestAPI.APIReaderBehaviours.should_Return_Exception_When_InvalidJSON() in E:\HACKER2013\APIUnifier\csharp\TestAPI\TestAPI\APIReaderBehaviours.cs:line 90
]]></stack-trace>
                </failure>
              </test-case>
            </results>
          </test-suite>
        </results>
      </test-suite>
    </results>
  </test-suite>
</test-results>